<?xml version="1.0" encoding="UTF-8"?>
<!-- Generated by org.testng.reporters.JUnitReportReporter -->
<testsuite hostname="DESKTOP-D5D6SNP" failures="0" tests="3" name="Murcury_DataProvider" time="65.268" errors="0" timestamp="2022-03-07T09:39:42 GMT-08:00" skipped="0">
  <testcase classname="Murcury_DataProvider" name="Murcury" time="23.111"/>
  <system-out/>
  <testcase classname="Murcury_DataProvider" name="Murcury" time="17.867"/>
  <system-out/>
  <testcase classname="Murcury_DataProvider" name="Murcury" time="24.290"/>
  <system-out/>
</testsuite> <!-- Murcury_DataProvider -->
